c:\users\дмитрий\documents\github\sambarling_corp\games\x64\debug\vc143.pdb
c:\users\дмитрий\documents\github\sambarling_corp\games\x64\debug\moc_hariki2.obj
c:\users\дмитрий\documents\github\sambarling_corp\games\x64\debug\main.obj
c:\users\дмитрий\documents\github\sambarling_corp\games\x64\debug\krug.obj
c:\users\дмитрий\documents\github\sambarling_corp\games\x64\debug\hariki2.obj
c:\users\дмитрий\documents\github\sambarling_corp\games\x64\debug\table_itemtetris.obj
c:\users\дмитрий\documents\github\sambarling_corp\games\x64\debug\qrc_hariki_and_tetris.obj
c:\users\дмитрий\documents\github\sambarling_corp\games\x64\debug\qrc_hariki2.obj
c:\users\дмитрий\documents\github\sambarling_corp\games\x64\debug\uic\ui_hariki2.h
c:\users\дмитрий\documents\github\sambarling_corp\games\x64\debug\uic\ui_hariki_and_tetris.h
c:\users\дмитрий\documents\github\sambarling_corp\games\x64\debug\rcc\qrc_hariki2.cpp
c:\users\дмитрий\documents\github\sambarling_corp\games\x64\debug\rcc\qrc_hariki_and_tetris.cpp
c:\users\дмитрий\documents\github\sambarling_corp\games\x64\debug\moc\moc_hariki2.cpp
c:\users\дмитрий\documents\github\sambarling_corp\games\x64\debug\hariki2.tlog\cl.command.1.tlog
c:\users\дмитрий\documents\github\sambarling_corp\games\x64\debug\hariki2.tlog\cl.read.1.tlog
c:\users\дмитрий\documents\github\sambarling_corp\games\x64\debug\hariki2.tlog\cl.write.1.tlog
c:\users\дмитрий\documents\github\sambarling_corp\games\x64\debug\hariki2.tlog\hariki2.write.1u.tlog
c:\users\дмитрий\documents\github\sambarling_corp\games\x64\debug\hariki2.tlog\moc.read.1u.tlog
c:\users\дмитрий\documents\github\sambarling_corp\games\x64\debug\hariki2.tlog\moc.write.1u.tlog
c:\users\дмитрий\documents\github\sambarling_corp\games\x64\debug\hariki2.tlog\rc.command.1.tlog
c:\users\дмитрий\documents\github\sambarling_corp\games\x64\debug\hariki2.tlog\rc.read.1.tlog
c:\users\дмитрий\documents\github\sambarling_corp\games\x64\debug\hariki2.tlog\rc.write.1.tlog
c:\users\дмитрий\documents\github\sambarling_corp\games\x64\debug\hariki2.tlog\rcc.read.1u.tlog
c:\users\дмитрий\documents\github\sambarling_corp\games\x64\debug\hariki2.tlog\rcc.write.1u.tlog
c:\users\дмитрий\documents\github\sambarling_corp\games\x64\debug\hariki2.tlog\uic.read.1u.tlog
c:\users\дмитрий\documents\github\sambarling_corp\games\x64\debug\hariki2.tlog\uic.write.1u.tlog
